<?xml version="1.0" encoding="UTF-8"?>
<!-- Generated by org.testng.reporters.JUnitXMLReporter -->
<testsuite hostname="DESKTOP-I738NQ5" failures="0" tests="2" name="Testing Parameterization" time="0.049" errors="0" timestamp="6 Feb 2018 06:13:14 GMT">
  <testcase classname="com.applaudGS.automation.modules.general.TestParameters" name="testCaseOne" time="0.016"/>
  <testcase classname="com.applaudGS.automation.modules.general.TestParameters" name="testCaseTwo" time="0.008"/>
</testsuite> <!-- Testing Parameterization -->
