<?xml version="1.0" encoding="UTF-8"?>
<!-- Generated by org.testng.reporters.JUnitXMLReporter -->
<testsuite hostname="DESKTOP-6C0L59N" failures="1" tests="2" name="Test" time="0.08" errors="0" timestamp="11 Dec 2022 10:50:55 GMT">
  <testcase classname="com.applaudGS.automation.modules.general.SampleProgramThroughFrameWork" name="TC1" time="0.015">
    <failure type="java.lang.NoSuchMethodError" message="&amp;apos;org.openqa.selenium.chrome.ChromeOptions org.openqa.selenium.chrome.ChromeOptions.addArguments(java.lang.String[])&amp;apos;">
      <![CDATA[java.lang.NoSuchMethodError: 'org.openqa.selenium.chrome.ChromeOptions org.openqa.selenium.chrome.ChromeOptions.addArguments(java.lang.String[])'
	at com.applaudGS.automation.utility.GlobalFunctions.launchBrowser(GlobalFunctions.java:145)
	at com.applaudGS.automation.modules.general.SampleProgramThroughFrameWork.TC1(SampleProgramThroughFrameWork.java:20)
... Removed 23 stack frames]]>
    </failure>
  </testcase> <!-- TC1 -->
  <testcase classname="com.applaudGS.automation.modules.general.SampleProgramThroughFrameWork" name="TC2" time="0.0"/>
</testsuite> <!-- Test -->
