<?xml version="1.0" encoding="UTF-8"?>
<!-- Generated by org.testng.reporters.JUnitXMLReporter -->
<testsuite hostname="DESKTOP-6C0L59N" failures="0" tests="3" name="Test" time="11.424" errors="0" timestamp="10 Dec 2022 16:49:25 GMT">
  <testcase classname="com.applaudGS.automation.modules.general.SampleProgramThroughFrameWork" name="TC1" time="11.323"/>
  <testcase classname="com.applaudGS.automation.modules.general.SampleProgramThroughFrameWork" name="TC2" time="0.001"/>
  <testcase classname="com.applaudGS.automation.modules.general.SampleProgramThroughFrameWork" name="TC3" time="0.003"/>
</testsuite> <!-- Test -->
