<?xml version="1.0" encoding="UTF-8"?>
<testng-results total="3" passed="3" failed="0" skipped="0">
  <reporter-output>
  </reporter-output>
  <suite started-at="2022-12-10T16:49:14Z" name="Suite" finished-at="2022-12-10T16:49:25Z" duration-ms="11424">
    <groups>
    </groups>
    <test started-at="2022-12-10T16:49:14Z" name="Test" finished-at="2022-12-10T16:49:25Z" duration-ms="11424">
      <class name="com.applaudGS.automation.modules.general.SampleProgramThroughFrameWork">
        <test-method is-config="true" signature="beforeSuite()[pri:0, instance:com.applaudGS.automation.modules.general.SampleProgramThroughFrameWork@39655d3e]" started-at="2022-12-10T22:19:13Z" name="beforeSuite" finished-at="2022-12-10T22:19:14Z" duration-ms="184" status="PASS">
          <reporter-output>
          </reporter-output>
        </test-method> <!-- beforeSuite -->
        <test-method signature="TC1()[pri:0, instance:com.applaudGS.automation.modules.general.SampleProgramThroughFrameWork@39655d3e]" started-at="2022-12-10T22:19:14Z" name="TC1" finished-at="2022-12-10T22:19:25Z" duration-ms="11323" status="PASS">
          <reporter-output>
          </reporter-output>
        </test-method> <!-- TC1 -->
        <test-method is-config="true" signature="afterMethod(org.testng.ITestResult)[pri:0, instance:com.applaudGS.automation.modules.general.SampleProgramThroughFrameWork@39655d3e]" started-at="2022-12-10T22:19:25Z" name="afterMethod" finished-at="2022-12-10T22:19:25Z" duration-ms="46" status="PASS">
          <params>
            <param index="0">
              <value>
                <![CDATA[[TestResult name=TC1 status=SUCCESS method=SampleProgramThroughFrameWork.TC1()[pri:0, instance:com.applaudGS.automation.modules.general.SampleProgramThroughFrameWork@39655d3e] output={null}]]]>
              </value>
            </param>
          </params>
          <reporter-output>
          </reporter-output>
        </test-method> <!-- afterMethod -->
        <test-method signature="TC2()[pri:0, instance:com.applaudGS.automation.modules.general.SampleProgramThroughFrameWork@39655d3e]" started-at="2022-12-10T22:19:25Z" name="TC2" finished-at="2022-12-10T22:19:25Z" duration-ms="1" status="PASS">
          <reporter-output>
          </reporter-output>
        </test-method> <!-- TC2 -->
        <test-method is-config="true" signature="afterMethod(org.testng.ITestResult)[pri:0, instance:com.applaudGS.automation.modules.general.SampleProgramThroughFrameWork@39655d3e]" started-at="2022-12-10T22:19:25Z" name="afterMethod" finished-at="2022-12-10T22:19:25Z" duration-ms="17" status="PASS">
          <params>
            <param index="0">
              <value>
                <![CDATA[[TestResult name=TC2 status=SUCCESS method=SampleProgramThroughFrameWork.TC2()[pri:0, instance:com.applaudGS.automation.modules.general.SampleProgramThroughFrameWork@39655d3e] output={null}]]]>
              </value>
            </param>
          </params>
          <reporter-output>
          </reporter-output>
        </test-method> <!-- afterMethod -->
        <test-method signature="TC3()[pri:0, instance:com.applaudGS.automation.modules.general.SampleProgramThroughFrameWork@39655d3e]" started-at="2022-12-10T22:19:25Z" name="TC3" finished-at="2022-12-10T22:19:25Z" duration-ms="3" status="PASS">
          <reporter-output>
          </reporter-output>
        </test-method> <!-- TC3 -->
        <test-method is-config="true" signature="afterMethod(org.testng.ITestResult)[pri:0, instance:com.applaudGS.automation.modules.general.SampleProgramThroughFrameWork@39655d3e]" started-at="2022-12-10T22:19:25Z" name="afterMethod" finished-at="2022-12-10T22:19:25Z" duration-ms="16" status="PASS">
          <params>
            <param index="0">
              <value>
                <![CDATA[[TestResult name=TC3 status=SUCCESS method=SampleProgramThroughFrameWork.TC3()[pri:0, instance:com.applaudGS.automation.modules.general.SampleProgramThroughFrameWork@39655d3e] output={null}]]]>
              </value>
            </param>
          </params>
          <reporter-output>
          </reporter-output>
        </test-method> <!-- afterMethod -->
        <test-method is-config="true" signature="afterSuite()[pri:0, instance:com.applaudGS.automation.modules.general.SampleProgramThroughFrameWork@39655d3e]" started-at="2022-12-10T22:19:25Z" name="afterSuite" finished-at="2022-12-10T22:19:25Z" duration-ms="7" status="PASS">
          <reporter-output>
          </reporter-output>
        </test-method> <!-- afterSuite -->
      </class> <!-- com.applaudGS.automation.modules.general.SampleProgramThroughFrameWork -->
    </test> <!-- Test -->
  </suite> <!-- Suite -->
</testng-results>
