<?xml version="1.0" encoding="UTF-8"?>
<testng-results total="2" passed="1" failed="1" skipped="0">
  <reporter-output>
  </reporter-output>
  <suite started-at="2022-12-11T10:50:55Z" name="Suite" finished-at="2022-12-11T10:50:55Z" duration-ms="80">
    <groups>
    </groups>
    <test started-at="2022-12-11T10:50:55Z" name="Test" finished-at="2022-12-11T10:50:55Z" duration-ms="80">
      <class name="com.applaudGS.automation.modules.general.SampleProgramThroughFrameWork">
        <test-method is-config="true" signature="beforeSuite()[pri:0, instance:com.applaudGS.automation.modules.general.SampleProgramThroughFrameWork@576d5deb]" started-at="2022-12-11T16:20:55Z" name="beforeSuite" finished-at="2022-12-11T16:20:55Z" duration-ms="139" status="PASS">
          <reporter-output>
          </reporter-output>
        </test-method> <!-- beforeSuite -->
        <test-method signature="TC1()[pri:0, instance:com.applaudGS.automation.modules.general.SampleProgramThroughFrameWork@576d5deb]" started-at="2022-12-11T16:20:55Z" name="TC1" finished-at="2022-12-11T16:20:55Z" duration-ms="15" status="FAIL">
          <exception class="java.lang.NoSuchMethodError">
            <message>
              <![CDATA['org.openqa.selenium.chrome.ChromeOptions org.openqa.selenium.chrome.ChromeOptions.addArguments(java.lang.String[])']]>
            </message>
            <full-stacktrace>
              <![CDATA[java.lang.NoSuchMethodError: 'org.openqa.selenium.chrome.ChromeOptions org.openqa.selenium.chrome.ChromeOptions.addArguments(java.lang.String[])'
	at com.applaudGS.automation.utility.GlobalFunctions.launchBrowser(GlobalFunctions.java:145)
	at com.applaudGS.automation.modules.general.SampleProgramThroughFrameWork.TC1(SampleProgramThroughFrameWork.java:20)
	at java.base/jdk.internal.reflect.NativeMethodAccessorImpl.invoke0(Native Method)
	at java.base/jdk.internal.reflect.NativeMethodAccessorImpl.invoke(NativeMethodAccessorImpl.java:77)
	at java.base/jdk.internal.reflect.DelegatingMethodAccessorImpl.invoke(DelegatingMethodAccessorImpl.java:43)
	at java.base/java.lang.reflect.Method.invoke(Method.java:568)
	at org.testng.internal.MethodInvocationHelper.invokeMethod(MethodInvocationHelper.java:85)
	at org.testng.internal.Invoker.invokeMethod(Invoker.java:639)
	at org.testng.internal.Invoker.invokeTestMethod(Invoker.java:816)
	at org.testng.internal.Invoker.invokeTestMethods(Invoker.java:1124)
	at org.testng.internal.TestMethodWorker.invokeTestMethods(TestMethodWorker.java:125)
	at org.testng.internal.TestMethodWorker.run(TestMethodWorker.java:108)
	at org.testng.TestRunner.privateRun(TestRunner.java:774)
	at org.testng.TestRunner.run(TestRunner.java:624)
	at org.testng.SuiteRunner.runTest(SuiteRunner.java:359)
	at org.testng.SuiteRunner.runSequentially(SuiteRunner.java:354)
	at org.testng.SuiteRunner.privateRun(SuiteRunner.java:312)
	at org.testng.SuiteRunner.run(SuiteRunner.java:261)
	at org.testng.SuiteRunnerWorker.runSuite(SuiteRunnerWorker.java:52)
	at org.testng.SuiteRunnerWorker.run(SuiteRunnerWorker.java:86)
	at org.testng.TestNG.runSuitesSequentially(TestNG.java:1215)
	at org.testng.TestNG.runSuitesLocally(TestNG.java:1140)
	at org.testng.TestNG.run(TestNG.java:1048)
	at org.testng.TestNG.privateMain(TestNG.java:1355)
	at org.testng.TestNG.main(TestNG.java:1324)
]]>
            </full-stacktrace>
          </exception> <!-- java.lang.NoSuchMethodError -->
          <reporter-output>
          </reporter-output>
        </test-method> <!-- TC1 -->
        <test-method is-config="true" signature="afterMethod(org.testng.ITestResult)[pri:0, instance:com.applaudGS.automation.modules.general.SampleProgramThroughFrameWork@576d5deb]" started-at="2022-12-11T16:20:55Z" name="afterMethod" finished-at="2022-12-11T16:20:55Z" duration-ms="39" status="PASS">
          <params>
            <param index="0">
              <value>
                <![CDATA[[TestResult name=TC1 status=FAILURE method=SampleProgramThroughFrameWork.TC1()[pri:0, instance:com.applaudGS.automation.modules.general.SampleProgramThroughFrameWork@576d5deb] output={null}]]]>
              </value>
            </param>
          </params>
          <reporter-output>
          </reporter-output>
        </test-method> <!-- afterMethod -->
        <test-method is-config="true" signature="afterMethod(org.testng.ITestResult)[pri:0, instance:com.applaudGS.automation.modules.general.SampleProgramThroughFrameWork@576d5deb]" started-at="2022-12-11T16:20:55Z" name="afterMethod" finished-at="2022-12-11T16:20:55Z" duration-ms="17" status="PASS">
          <params>
            <param index="0">
              <value>
                <![CDATA[[TestResult name=TC2 status=SUCCESS method=SampleProgramThroughFrameWork.TC2()[pri:0, instance:com.applaudGS.automation.modules.general.SampleProgramThroughFrameWork@576d5deb] output={null}]]]>
              </value>
            </param>
          </params>
          <reporter-output>
          </reporter-output>
        </test-method> <!-- afterMethod -->
        <test-method signature="TC2()[pri:0, instance:com.applaudGS.automation.modules.general.SampleProgramThroughFrameWork@576d5deb]" started-at="2022-12-11T16:20:55Z" name="TC2" finished-at="2022-12-11T16:20:55Z" duration-ms="0" status="PASS">
          <reporter-output>
          </reporter-output>
        </test-method> <!-- TC2 -->
        <test-method is-config="true" signature="afterSuite()[pri:0, instance:com.applaudGS.automation.modules.general.SampleProgramThroughFrameWork@576d5deb]" started-at="2022-12-11T16:20:55Z" name="afterSuite" finished-at="2022-12-11T16:20:55Z" duration-ms="9" status="PASS">
          <reporter-output>
          </reporter-output>
        </test-method> <!-- afterSuite -->
      </class> <!-- com.applaudGS.automation.modules.general.SampleProgramThroughFrameWork -->
    </test> <!-- Test -->
  </suite> <!-- Suite -->
</testng-results>
